<?xml version="1.0" encoding="UTF-8"?>
<!-- Generated by org.testng.reporters.JUnitReportReporter -->
<testsuite hostname="Pritam-h17" failures="0" tests="1" name="com.StoreAPI.test.Test" time="2.744" errors="0" timestamp="2025-03-31T01:48:12 IST" skipped="0">
  <testcase classname="com.StoreAPI.test.Test" name="Login" time="2.744"/>
</testsuite> <!-- com.StoreAPI.test.Test -->
