<?xml version="1.0" encoding="UTF-8"?>
<!-- Generated by org.testng.reporters.JUnitReportReporter -->
<testsuite hostname="Pritam-h17" failures="0" tests="1" name="com.StoreAPI.test.Test" time="3.788" errors="0" timestamp="2025-03-29T11:34:57 IST" skipped="0">
  <testcase classname="com.StoreAPI.test.Test" name="Login" time="3.788"/>
</testsuite> <!-- com.StoreAPI.test.Test -->
