<?xml version="1.0" encoding="UTF-8"?>
<!-- Generated by org.testng.reporters.JUnitReportReporter -->
<testsuite hostname="Pritam-h17" failures="0" tests="1" name="com.StoreAPI.test.Test" time="2.706" errors="0" timestamp="2025-03-28T12:56:36 IST" skipped="0">
  <testcase classname="com.StoreAPI.test.Test" name="Login" time="2.706"/>
</testsuite> <!-- com.StoreAPI.test.Test -->
